0 info it worked if it ends with ok
1 verbose cli [ 'E:\\soft\\node\\node.exe',
1 verbose cli   'C:\\Users\\Administrator.3GECS122ZUSR0DL\\AppData\\Roaming\\npm\\node_modules\\npm\\bin\\npm-cli.js',
1 verbose cli   'start' ]
2 info using npm@3.10.5
3 info using node@v6.11.4
4 verbose run-script [ 'prestart', 'start', 'poststart' ]
5 info lifecycle node@1.0.0~prestart: node@1.0.0
6 silly lifecycle node@1.0.0~prestart: no script for prestart, continuing
7 info lifecycle node@1.0.0~start: node@1.0.0
8 verbose lifecycle node@1.0.0~start: unsafe-perm in lifecycle true
9 verbose lifecycle node@1.0.0~start: PATH: C:\Users\Administrator.3GECS122ZUSR0DL\AppData\Roaming\npm\node_modules\npm\bin\node-gyp-bin;C:\Users\Administrator.3GECS122ZUSR0DL\Desktop\node\node_modules\.bin;E:\soft\node;C:\ProgramData\Oracle\Java\javapath;C:\Windows\system32;C:\Windows;C:\Windows\System32\Wbem;C:\Windows\System32\WindowsPowerShell\v1.0\;D:\Program Files\TortoiseSVN\bin;D:\xampp\php\php.exe;D:\xampp\php;C:\ProgramData\ComposerSetup\bin;C:\Program Files (x86)\NVIDIA Corporation\PhysX\Common;C:\WINDOWS\system32;C:\WINDOWS;C:\WINDOWS\System32\Wbem;C:\WINDOWS\System32\WindowsPowerShell\v1.0\;C:\Users\Administrator.3GECS122ZUSR0DL\AppData\Roaming\npm\node_modules\less;E:\soft\apache-ant-1.9.6\bin;C:\ProgramData\chocolatey\bin;E:\soft\less.js-windows\bin;C:\Program Files\Microsoft SQL Server\130\Tools\Binn\;C:\Program Files (x86)\Windows Kits\10\Windows Performance Toolkit\;C:\Program Files\dotnet\;E:\soft\Git\cmd;C:\WINDOWS\system32;C:\WINDOWS;C:\WINDOWS\System32\Wbem;C:\WINDOWS\System32\WindowsPowerShell\v1.0\;C:\Program Files\Microsoft\Web Platform Installer\;C:\Program Files (x86)\Microsoft SDKs\Azure\CLI\wbin;E:\soft\openJDK_REDHAT\bin;E:\soft\node\;C:\Program Files\MySQL\MySQL Utilities 1.6\;C:\Windows\system32;C:\Windows;C:\Windows\System32\Wbem;C:\Windows\System32\WindowsPowerShell\v1.0\;D:\xampp\php\php.exe;C:\Ruby22-x64\bin;E:\soft\Microsoft VS Code\bin;E:\soft\OpenVPN\bin;C:\Users\Administrator.3GECS122ZUSR0DL\AppData\Local\Microsoft\WindowsApps;E:\soft\less.js-windows-master;C:\Users\Administrator.3GECS122ZUSR0DL\AppData\Roaming\npm
10 verbose lifecycle node@1.0.0~start: CWD: C:\Users\Administrator.3GECS122ZUSR0DL\Desktop\node
11 silly lifecycle node@1.0.0~start: Args: [ '/d /s /c', 'node server.js' ]
12 silly lifecycle node@1.0.0~start: Returned: code: 1  signal: null
13 info lifecycle node@1.0.0~start: Failed to exec start script
14 verbose stack Error: node@1.0.0 start: `node server.js`
14 verbose stack Exit status 1
14 verbose stack     at EventEmitter.<anonymous> (C:\Users\Administrator.3GECS122ZUSR0DL\AppData\Roaming\npm\node_modules\npm\lib\utils\lifecycle.js:242:16)
14 verbose stack     at emitTwo (events.js:106:13)
14 verbose stack     at EventEmitter.emit (events.js:191:7)
14 verbose stack     at ChildProcess.<anonymous> (C:\Users\Administrator.3GECS122ZUSR0DL\AppData\Roaming\npm\node_modules\npm\lib\utils\spawn.js:40:14)
14 verbose stack     at emitTwo (events.js:106:13)
14 verbose stack     at ChildProcess.emit (events.js:191:7)
14 verbose stack     at maybeClose (internal/child_process.js:920:16)
14 verbose stack     at Process.ChildProcess._handle.onexit (internal/child_process.js:230:5)
15 verbose pkgid node@1.0.0
16 verbose cwd C:\Users\Administrator.3GECS122ZUSR0DL\Desktop\node\src\static
17 error Windows_NT 10.0.15063
18 error argv "E:\\soft\\node\\node.exe" "C:\\Users\\Administrator.3GECS122ZUSR0DL\\AppData\\Roaming\\npm\\node_modules\\npm\\bin\\npm-cli.js" "start"
19 error node v6.11.4
20 error npm  v3.10.5
21 error code ELIFECYCLE
22 error node@1.0.0 start: `node server.js`
22 error Exit status 1
23 error Failed at the node@1.0.0 start script 'node server.js'.
23 error Make sure you have the latest version of node.js and npm installed.
23 error If you do, this is most likely a problem with the node package,
23 error not with npm itself.
23 error Tell the author that this fails on your system:
23 error     node server.js
23 error You can get information on how to open an issue for this project with:
23 error     npm bugs node
23 error Or if that isn't available, you can get their info via:
23 error     npm owner ls node
23 error There is likely additional logging output above.
24 verbose exit [ 1, true ]
